<?xml version="1.0" encoding="utf-8"?><testsuites><testsuite name="pytest" errors="0" failures="0" skipped="0" tests="216" time="4.614" timestamp="2026-02-23T05:12:22.308352" hostname="Lenovo-Ideapad"><properties><property name="hypothesis-statistics-namonexus_fusion/tests/test_phase1.py::TestTemporalGoldenFusion::test_property_score_always_in_unit_interval" value="bmFtb25leHVzX2Z1c2lvbi90ZXN0cy90ZXN0X3BoYXNlMS5weTo6VGVzdFRlbXBvcmFsR29sZGVuRnVzaW9uOjp0ZXN0X3Byb3BlcnR5X3Njb3JlX2Fsd2F5c19pbl91bml0X2ludGVydmFsOgoKICAtIGR1cmluZyBnZW5lcmF0ZSBwaGFzZSAoMC4wOSBzZWNvbmRzKToKICAgIC0gVHlwaWNhbCBydW50aW1lczogPCAxbXMsIG9mIHdoaWNoIDwgMW1zIGluIGRhdGEgZ2VuZXJhdGlvbgogICAgLSAxMDAgcGFzc2luZyBleGFtcGxlcywgMCBmYWlsaW5nIGV4YW1wbGVzLCAwIGludmFsaWQgZXhhbXBsZXMKCiAgLSBTdG9wcGVkIGJlY2F1c2Ugc2V0dGluZ3MubWF4X2V4YW1wbGVzPTEwMA==" /><property name="hypothesis-statistics-namonexus_fusion/tests/test_phase1.py::TestTemporalGoldenFusion::test_property_uncertainty_non_negative" value="bmFtb25leHVzX2Z1c2lvbi90ZXN0cy90ZXN0X3BoYXNlMS5weTo6VGVzdFRlbXBvcmFsR29sZGVuRnVzaW9uOjp0ZXN0X3Byb3BlcnR5X3VuY2VydGFpbnR5X25vbl9uZWdhdGl2ZToKCiAgLSBkdXJpbmcgZ2VuZXJhdGUgcGhhc2UgKDAuMDggc2Vjb25kcyk6CiAgICAtIFR5cGljYWwgcnVudGltZXM6IDwgMW1zLCBvZiB3aGljaCA8IDFtcyBpbiBkYXRhIGdlbmVyYXRpb24KICAgIC0gMTAwIHBhc3NpbmcgZXhhbXBsZXMsIDAgZmFpbGluZyBleGFtcGxlcywgMCBpbnZhbGlkIGV4YW1wbGVzCgogIC0gU3RvcHBlZCBiZWNhdXNlIHNldHRpbmdzLm1heF9leGFtcGxlcz0xMDA=" /></properties><testcase classname="namonexus_fusion.tests.test_api_security" name="test_update_requires_auth_configuration" time="0.016" /><testcase classname="namonexus_fusion.tests.test_api_security" name="test_update_rejects_missing_api_key" time="0.006" /><testcase classname="namonexus_fusion.tests.test_api_security" name="test_update_accepts_valid_api_key" time="0.007" /><testcase classname="namonexus_fusion.tests.test_api_security" name="test_input_bounds_validation" time="0.005" /><testcase classname="namonexus_fusion.tests.test_api_security" name="test_auth_throttle_after_repeated_failures" time="0.085" /><testcase classname="namonexus_fusion.tests.test_api_security" name="test_metadata_sanitizer_drops_sensitive_and_nested" time="0.001" /><testcase classname="namonexus_fusion.tests.test_phase1.TestTemporalConfig" name="test_default_lambda_is_golden_ratio_reciprocal" time="0.001" /><testcase classname="namonexus_fusion.tests.test_phase1.TestTemporalConfig" name="test_lambda_1_means_no_forgetting" time="0.001" /><testcase classname="namonexus_fusion.tests.test_phase1.TestTemporalConfig" name="test_invalid_lambda_raises" time="0.001" /><testcase classname="namonexus_fusion.tests.test_phase1.TestTemporalConfig" name="test_invalid_lambda_above_1_raises" time="0.001" /><testcase classname="namonexus_fusion.tests.test_phase1.TestTemporalConfig" name="test_factory_golden" time="0.001" /><testcase classname="namonexus_fusion.tests.test_phase1.TestTemporalConfig" name="test_factory_adaptive" time="0.001" /><testcase classname="namonexus_fusion.tests.test_phase1.TestTemporalConfig" name="test_factory_realtime" time="0.001" /><testcase classname="namonexus_fusion.tests.test_phase1.TestTemporalBayesianFilter" name="test_prior_preserved_with_decay" time="0.001" /><testcase classname="namonexus_fusion.tests.test_phase1.TestTemporalBayesianFilter" name="test_no_forgetting_lambda_1" time="0.001" /><testcase classname="namonexus_fusion.tests.test_phase1.TestTemporalBayesianFilter" name="test_forgetting_reduces_old_evidence" time="0.001" /><testcase classname="namonexus_fusion.tests.test_phase1.TestTemporalBayesianFilter" name="test_score_trajectory_records_correctly" time="0.001" /><testcase classname="namonexus_fusion.tests.test_phase1.TestTemporalBayesianFilter" name="test_reset_clears_state" time="0.001" /><testcase classname="namonexus_fusion.tests.test_phase1.TestTemporalBayesianFilter" name="test_effective_obs_decreases_with_small_lambda" time="0.001" /><testcase classname="namonexus_fusion.tests.test_phase1.TestTemporalBayesianFilter" name="test_adaptive_mode_reduces_lambda_on_rapid_change" time="0.001" /><testcase classname="namonexus_fusion.tests.test_phase1.TestSyntheticSessionGenerator" name="test_generates_correct_count" time="0.002" /><testcase classname="namonexus_fusion.tests.test_phase1.TestSyntheticSessionGenerator" name="test_all_scores_in_unit_interval" time="0.014" /><testcase classname="namonexus_fusion.tests.test_phase1.TestSyntheticSessionGenerator" name="test_subject_ids_match_profiles" time="0.002" /><testcase classname="namonexus_fusion.tests.test_phase1.TestSyntheticSessionGenerator" name="test_ground_truth_label_present" time="0.002" /><testcase classname="namonexus_fusion.tests.test_phase1.TestSyntheticSessionGenerator" name="test_benchmark_produces_5_subjects" time="0.014" /><testcase classname="namonexus_fusion.tests.test_phase1.TestEmpiricalPriorLearner" name="test_returns_golden_ratio_prior_when_no_data" time="0.001" /><testcase classname="namonexus_fusion.tests.test_phase1.TestEmpiricalPriorLearner" name="test_returns_golden_prior_below_min_sessions" time="0.001" /><testcase classname="namonexus_fusion.tests.test_phase1.TestEmpiricalPriorLearner" name="test_learned_prior_differs_from_default_for_calm_subject" time="0.019" /><testcase classname="namonexus_fusion.tests.test_phase1.TestEmpiricalPriorLearner" name="test_learned_prior_differs_for_tense_subject" time="0.006" /><testcase classname="namonexus_fusion.tests.test_phase1.TestEmpiricalPriorLearner" name="test_phi_regularization_keeps_ratio_near_phi" time="0.006" /><testcase classname="namonexus_fusion.tests.test_phase1.TestEmpiricalPriorLearner" name="test_low_regularization_allows_ratio_to_deviate" time="0.011" /><testcase classname="namonexus_fusion.tests.test_phase1.TestEmpiricalPriorLearner" name="test_fit_all_returns_dict" time="0.031" /><testcase classname="namonexus_fusion.tests.test_phase1.TestTemporalGoldenFusion" name="test_is_backward_compatible" time="0.001" /><testcase classname="namonexus_fusion.tests.test_phase1.TestTemporalGoldenFusion" name="test_method_chaining" time="0.001" /><testcase classname="namonexus_fusion.tests.test_phase1.TestTemporalGoldenFusion" name="test_default_lambda_is_golden_ratio_reciprocal" time="0.001" /><testcase classname="namonexus_fusion.tests.test_phase1.TestTemporalGoldenFusion" name="test_rapid_state_change_tracked_correctly" time="0.002" /><testcase classname="namonexus_fusion.tests.test_phase1.TestTemporalGoldenFusion" name="test_from_learned_prior_uses_personalized_alpha_beta" time="0.006" /><testcase classname="namonexus_fusion.tests.test_phase1.TestTemporalGoldenFusion" name="test_personalized_prior_gives_better_cold_start_for_calm" time="0.006" /><testcase classname="namonexus_fusion.tests.test_phase1.TestTemporalGoldenFusion" name="test_reset_restores_learned_prior" time="0.006" /><testcase classname="namonexus_fusion.tests.test_phase1.TestTemporalGoldenFusion" name="test_lambda_history_populated" time="0.001" /><testcase classname="namonexus_fusion.tests.test_phase1.TestTemporalGoldenFusion" name="test_effective_obs_count_increases" time="0.001" /><testcase classname="namonexus_fusion.tests.test_phase1.TestTemporalGoldenFusion" name="test_state_serialisation_includes_temporal" time="0.001" /><testcase classname="namonexus_fusion.tests.test_phase1.TestTemporalGoldenFusion" name="test_adaptive_temporal_config" time="0.001" /><testcase classname="namonexus_fusion.tests.test_phase1.TestTemporalGoldenFusion" name="test_property_score_always_in_unit_interval" time="0.090" /><testcase classname="namonexus_fusion.tests.test_phase1.TestTemporalGoldenFusion" name="test_property_uncertainty_non_negative" time="0.081" /><testcase classname="namonexus_fusion.tests.test_phase2.TestModalityCalibrator" name="test_initial_trust_is_golden_ratio_anchored" time="0.001" /><testcase classname="namonexus_fusion.tests.test_phase2.TestModalityCalibrator" name="test_consistent_observation_increases_trust" time="0.001" /><testcase classname="namonexus_fusion.tests.test_phase2.TestModalityCalibrator" name="test_inconsistent_observation_reduces_trust" time="0.001" /><testcase classname="namonexus_fusion.tests.test_phase2.TestModalityCalibrator" name="test_effective_confidence_bounded" time="0.001" /><testcase classname="namonexus_fusion.tests.test_phase2.TestModalityCalibrator" name="test_multiple_modalities_tracked_independently" time="0.001" /><testcase classname="namonexus_fusion.tests.test_phase2.TestSensorTrustScorer" name="test_new_sensor_is_active" time="0.001" /><testcase classname="namonexus_fusion.tests.test_phase2.TestSensorTrustScorer" name="test_sensor_starts_with_golden_ratio_control_limits" time="0.001" /><testcase classname="namonexus_fusion.tests.test_phase2.TestSensorTrustScorer" name="test_consistently_reliable_sensor_not_blacklisted" time="0.002" /><testcase classname="namonexus_fusion.tests.test_phase2.TestSensorTrustScorer" name="test_repeated_anomalies_trigger_blacklist" time="0.001" /><testcase classname="namonexus_fusion.tests.test_phase2.TestSensorTrustScorer" name="test_trust_event_callback_fired" time="0.001" /><testcase classname="namonexus_fusion.tests.test_phase2.TestSensorTrustScorer" name="test_trust_score_range" time="0.001" /><testcase classname="namonexus_fusion.tests.test_phase2.TestOnlineHyperparamOptimizer" name="test_initial_config_is_valid" time="0.001" /><testcase classname="namonexus_fusion.tests.test_phase2.TestOnlineHyperparamOptimizer" name="test_golden_ratio_constraint_preserved" time="0.001" /><testcase classname="namonexus_fusion.tests.test_phase2.TestOnlineHyperparamOptimizer" name="test_step_returns_config_or_none" time="0.002" /><testcase classname="namonexus_fusion.tests.test_phase2.TestPhase2GoldenFusion" name="test_basic_update_chain" time="0.001" /><testcase classname="namonexus_fusion.tests.test_phase2.TestPhase2GoldenFusion" name="test_risk_levels_cover_all_categories" time="0.002" /><testcase classname="namonexus_fusion.tests.test_phase2.TestPhase2GoldenFusion" name="test_dropped_observations_tracked" time="0.001" /><testcase classname="namonexus_fusion.tests.test_phase2.TestPhase2GoldenFusion" name="test_phase1_temporal_decay_still_works" time="0.001" /><testcase classname="namonexus_fusion.tests.test_phase2.TestPhase2GoldenFusion" name="test_active_modalities_updated" time="0.001" /><testcase classname="namonexus_fusion.tests.test_phase2.TestPhase2GoldenFusion" name="test_reset_clears_state" time="0.001" /><testcase classname="namonexus_fusion.tests.test_phase2.TestPhase2GoldenFusion" name="test_credible_interval_valid" time="0.001" /><testcase classname="namonexus_fusion.tests.test_phase2.TestPhase2GoldenFusion" name="test_state_serialization_roundtrip" time="0.001" /><testcase classname="namonexus_fusion.tests.test_phase2.TestPhase2GoldenFusion" name="test_calibration_report_structure" time="0.002" /><testcase classname="namonexus_fusion.tests.test_phase2.TestPhase2GoldenFusion" name="test_trust_report_structure" time="0.001" /><testcase classname="namonexus_fusion.tests.test_phase3.TestDriftConfig" name="test_golden_defaults_use_phi" time="0.001" /><testcase classname="namonexus_fusion.tests.test_phase3.TestDriftConfig" name="test_threshold_h_times_recip_equals_warning_threshold" time="0.001" /><testcase classname="namonexus_fusion.tests.test_phase3.TestDriftConfig" name="test_sensitive_factory_lower_threshold" time="0.001" /><testcase classname="namonexus_fusion.tests.test_phase3.TestDriftConfig" name="test_conservative_factory_higher_threshold" time="0.001" /><testcase classname="namonexus_fusion.tests.test_phase3.TestDriftConfig" name="test_invalid_threshold_raises" time="0.001" /><testcase classname="namonexus_fusion.tests.test_phase3.TestDriftConfig" name="test_invalid_sensitivity_raises" time="0.001" /><testcase classname="namonexus_fusion.tests.test_phase3.TestDriftConfig" name="test_invalid_min_observations_raises" time="0.001" /><testcase classname="namonexus_fusion.tests.test_phase3.TestDriftConfig" name="test_to_dict_contains_threshold" time="0.001" /><testcase classname="namonexus_fusion.tests.test_phase3.TestPHAccumulator" name="test_no_alarm_before_min_observations" time="0.001" /><testcase classname="namonexus_fusion.tests.test_phase3.TestPHAccumulator" name="test_alarm_fires_on_sustained_drop" time="0.001" /><testcase classname="namonexus_fusion.tests.test_phase3.TestPHAccumulator" name="test_cooldown_suppresses_alarms" time="0.001" /><testcase classname="namonexus_fusion.tests.test_phase3.TestPHAccumulator" name="test_uncertainty_widens_threshold" time="0.001" /><testcase classname="namonexus_fusion.tests.test_phase3.TestPHAccumulator" name="test_warning_fires_before_alarm" time="0.001" /><testcase classname="namonexus_fusion.tests.test_phase3.TestDriftDetector" name="test_lazy_accumulator_creation" time="0.001" /><testcase classname="namonexus_fusion.tests.test_phase3.TestDriftDetector" name="test_callback_invoked_on_alarm" time="0.001" /><testcase classname="namonexus_fusion.tests.test_phase3.TestDriftDetector" name="test_independent_modality_accumulators" time="0.001" /><testcase classname="namonexus_fusion.tests.test_phase3.TestDriftDetector" name="test_filter_events_by_severity" time="0.001" /><testcase classname="namonexus_fusion.tests.test_phase3.TestDriftDetector" name="test_reset_clears_accumulators" time="0.001" /><testcase classname="namonexus_fusion.tests.test_phase3.TestDriftDetector" name="test_summary_structure" time="0.001" /><testcase classname="namonexus_fusion.tests.test_phase3.TestDriftDetector" name="test_per_modality_config_override" time="0.001" /><testcase classname="namonexus_fusion.tests.test_phase3.TestDriftDetector" name="test_add_callback" time="0.001" /><testcase classname="namonexus_fusion.tests.test_phase3.TestGoldenRatioInvariants" name="test_phi_squared_equals_phi_plus_one" time="0.001" /><testcase classname="namonexus_fusion.tests.test_phase3.TestGoldenRatioInvariants" name="test_default_threshold_times_recip_equals_phi" time="0.001" /><testcase classname="namonexus_fusion.tests.test_phase3.TestGoldenRatioInvariants" name="test_phi_recip_plus_phi_sq_recip_equals_one" time="0.001" /><testcase classname="namonexus_fusion.tests.test_phase3.TestGoldenRatioInvariants" name="test_h_eff_increases_with_uncertainty" time="0.001" /><testcase classname="namonexus_fusion.tests.test_phase3.TestStreamingObservation" name="test_score_clipped_to_unit_interval" time="0.001" /><testcase classname="namonexus_fusion.tests.test_phase3.TestStreamingObservation" name="test_confidence_clipped_to_unit_interval" time="0.001" /><testcase classname="namonexus_fusion.tests.test_phase3.TestStreamingObservation" name="test_auto_generated_obs_id" time="0.001" /><testcase classname="namonexus_fusion.tests.test_phase3.TestStreamingObservation" name="test_serialization_roundtrip" time="0.001" /><testcase classname="namonexus_fusion.tests.test_phase3.TestStreamingObservation" name="test_to_dict_contains_expected_keys" time="0.001" /><testcase classname="namonexus_fusion.tests.test_phase3.TestDeliveryLedger" name="test_write_creates_pending_entry" time="0.001" /><testcase classname="namonexus_fusion.tests.test_phase3.TestDeliveryLedger" name="test_acknowledge_changes_status" time="0.001" /><testcase classname="namonexus_fusion.tests.test_phase3.TestDeliveryLedger" name="test_fail_changes_status" time="0.001" /><testcase classname="namonexus_fusion.tests.test_phase3.TestDeliveryLedger" name="test_pending_for_replay_returns_unprocessed" time="0.001" /><testcase classname="namonexus_fusion.tests.test_phase3.TestDeliveryLedger" name="test_eviction_on_max_entries" time="0.002" /><testcase classname="namonexus_fusion.tests.test_phase3.TestSlidingWindowAnalyzer" name="test_mean_score_tracks_input" time="0.004" /><testcase classname="namonexus_fusion.tests.test_phase3.TestSlidingWindowAnalyzer" name="test_window_limits_history" time="0.006" /><testcase classname="namonexus_fusion.tests.test_phase3.TestSlidingWindowAnalyzer" name="test_total_count_increments" time="0.002" /><testcase classname="namonexus_fusion.tests.test_phase3.TestSlidingWindowAnalyzer" name="test_modality_counts" time="0.001" /><testcase classname="namonexus_fusion.tests.test_phase3.TestSlidingWindowAnalyzer" name="test_rising_trend_is_positive" time="0.004" /><testcase classname="namonexus_fusion.tests.test_phase3.TestSlidingWindowAnalyzer" name="test_reset_clears_state" time="0.002" /><testcase classname="namonexus_fusion.tests.test_phase3.TestBackpressureController" name="test_normal_below_max" time="0.001" /><testcase classname="namonexus_fusion.tests.test_phase3.TestBackpressureController" name="test_pause_at_max" time="0.001" /><testcase classname="namonexus_fusion.tests.test_phase3.TestBackpressureController" name="test_resume_below_fraction" time="0.001" /><testcase classname="namonexus_fusion.tests.test_phase3.TestBackpressureController" name="test_callback_invoked_on_transition" time="0.001" /><testcase classname="namonexus_fusion.tests.test_phase3.TestInMemoryConnector" name="test_iterates_all_observations" time="0.002" /><testcase classname="namonexus_fusion.tests.test_phase3.TestInMemoryConnector" name="test_no_delay_by_default" time="0.002" /><testcase classname="namonexus_fusion.tests.test_phase3.TestStreamingPipeline" name="test_basic_run_produces_results" time="0.005" /><testcase classname="namonexus_fusion.tests.test_phase3.TestStreamingPipeline" name="test_fused_score_updates_over_stream" time="0.003" /><testcase classname="namonexus_fusion.tests.test_phase3.TestStreamingPipeline" name="test_window_stats_populated" time="0.006" /><testcase classname="namonexus_fusion.tests.test_phase3.TestStreamingPipeline" name="test_ledger_acknowledges_all_successful_obs" time="0.004" /><testcase classname="namonexus_fusion.tests.test_phase3.TestStreamingPipeline" name="test_result_callback_invoked" time="0.004" /><testcase classname="namonexus_fusion.tests.test_phase3.TestStreamingPipeline" name="test_max_observations_limit" time="0.004" /><testcase classname="namonexus_fusion.tests.test_phase3.TestStreamingPipeline" name="test_pipeline_summary_structure" time="0.003" /><testcase classname="namonexus_fusion.tests.test_phase3.TestStreamingPipeline" name="test_drift_events_attached_to_results" time="0.004" /><testcase classname="namonexus_fusion.tests.test_phase3.TestStreamingPipeline" name="test_run_sync_equivalent_to_async_run" time="0.006" /><testcase classname="namonexus_fusion.tests.test_phase3.TestPhase3GoldenFusion" name="test_instantiation" time="0.001" /><testcase classname="namonexus_fusion.tests.test_phase3.TestPhase3GoldenFusion" name="test_update_returns_self" time="0.001" /><testcase classname="namonexus_fusion.tests.test_phase3.TestPhase3GoldenFusion" name="test_fused_score_in_unit_interval" time="0.001" /><testcase classname="namonexus_fusion.tests.test_phase3.TestPhase3GoldenFusion" name="test_stream_returns_pipeline" time="0.001" /><testcase classname="namonexus_fusion.tests.test_phase3.TestPhase3GoldenFusion" name="test_drift_alarm_count_starts_at_zero" time="0.001" /><testcase classname="namonexus_fusion.tests.test_phase3.TestPhase3GoldenFusion" name="test_drift_detection_enabled_by_default" time="0.001" /><testcase classname="namonexus_fusion.tests.test_phase3.TestPhase3GoldenFusion" name="test_enable_disable_drift_detection" time="0.001" /><testcase classname="namonexus_fusion.tests.test_phase3.TestPhase3GoldenFusion" name="test_drift_events_empty_initially" time="0.001" /><testcase classname="namonexus_fusion.tests.test_phase3.TestPhase3GoldenFusion" name="test_reset_clears_drift_state" time="0.012" /><testcase classname="namonexus_fusion.tests.test_phase3.TestPhase3GoldenFusion" name="test_modality_passed_to_drift_detector" time="0.001" /><testcase classname="namonexus_fusion.tests.test_phase3.TestPhase3GoldenFusion" name="test_no_modality_no_drift_update" time="0.001" /><testcase classname="namonexus_fusion.tests.test_phase3.TestPhase3GoldenFusion" name="test_drift_detector_summary" time="0.001" /><testcase classname="namonexus_fusion.tests.test_phase3.TestPhase3GoldenFusion" name="test_repr_contains_key_info" time="0.001" /><testcase classname="namonexus_fusion.tests.test_phase3.TestPhase3GoldenFusion" name="test_end_to_end_streaming" time="0.003" /><testcase classname="namonexus_fusion.tests.test_phase3.TestPhase3GoldenFusion" name="test_kafka_connector_stub" time="1.010" /><testcase classname="namonexus_fusion.tests.test_phase3.TestPhase3GoldenFusion" name="test_websocket_connector_stub" time="1.013" /><testcase classname="namonexus_fusion.tests.test_phase4.TestXAIConfig" name="test_consistent_threshold_uses_phi_sq_recip" time="0.001" /><testcase classname="namonexus_fusion.tests.test_phase4.TestXAIConfig" name="test_contradicting_threshold_uses_phi_recip" time="0.001" /><testcase classname="namonexus_fusion.tests.test_phase4.TestXAIConfig" name="test_consistent_less_than_contradicting" time="0.001" /><testcase classname="namonexus_fusion.tests.test_phase4.TestXAIConfig" name="test_to_dict_includes_thresholds" time="0.001" /><testcase classname="namonexus_fusion.tests.test_phase4.TestExplainabilityLayer" name="test_explain_returns_report" time="0.001" /><testcase classname="namonexus_fusion.tests.test_phase4.TestExplainabilityLayer" name="test_report_contains_all_fed_modalities" time="0.001" /><testcase classname="namonexus_fusion.tests.test_phase4.TestExplainabilityLayer" name="test_fused_score_in_unit_interval" time="0.001" /><testcase classname="namonexus_fusion.tests.test_phase4.TestExplainabilityLayer" name="test_normalized_attributions_bounded" time="0.001" /><testcase classname="namonexus_fusion.tests.test_phase4.TestExplainabilityLayer" name="test_positive_contributions_sum_within_100" time="0.001" /><testcase classname="namonexus_fusion.tests.test_phase4.TestExplainabilityLayer" name="test_risk_level_valid_value" time="0.001" /><testcase classname="namonexus_fusion.tests.test_phase4.TestExplainabilityLayer" name="test_prior_attribution_present" time="0.001" /><testcase classname="namonexus_fusion.tests.test_phase4.TestExplainabilityLayer" name="test_prior_phi_ratio_near_phi" time="0.001" /><testcase classname="namonexus_fusion.tests.test_phase4.TestExplainabilityLayer" name="test_summary_text_contains_risk_level" time="0.001" /><testcase classname="namonexus_fusion.tests.test_phase4.TestExplainabilityLayer" name="test_explanation_sentence_per_modality" time="0.001" /><testcase classname="namonexus_fusion.tests.test_phase4.TestExplainabilityLayer" name="test_timestamp_is_iso8601" time="0.001" /><testcase classname="namonexus_fusion.tests.test_phase4.TestExplainabilityLayer" name="test_empty_engine_returns_valid_report" time="0.001" /><testcase classname="namonexus_fusion.tests.test_phase4.TestExplainabilityLayer" name="test_window_limits_observation_scope" time="0.003" /><testcase classname="namonexus_fusion.tests.test_phase4.TestExplainabilityLayer" name="test_metadata_attached_to_report" time="0.001" /><testcase classname="namonexus_fusion.tests.test_phase4.TestExplainabilityLayer" name="test_report_to_dict_json_serializable" time="0.002" /><testcase classname="namonexus_fusion.tests.test_phase4.TestExplainabilityLayer" name="test_reset_clears_xai_records" time="0.001" /><testcase classname="namonexus_fusion.tests.test_phase4.TestExplainabilityLayer" name="test_report_history_accumulates" time="0.001" /><testcase classname="namonexus_fusion.tests.test_phase4.TestExplainabilityLayer" name="test_alignment_contradicting_on_extreme_divergence" time="0.001" /><testcase classname="namonexus_fusion.tests.test_phase4.TestShapleyInvariants" name="test_score_above_aggregate_gives_positive_marginal" time="0.001" /><testcase classname="namonexus_fusion.tests.test_phase4.TestShapleyInvariants" name="test_score_below_aggregate_gives_negative_marginal" time="0.001" /><testcase classname="namonexus_fusion.tests.test_phase4.TestShapleyInvariants" name="test_score_equal_aggregate_gives_consistent_alignment" time="0.002" /><testcase classname="namonexus_fusion.tests.test_phase4.TestHierarchicalConfig" name="test_golden_factory_uses_phi_sq" time="0.001" /><testcase classname="namonexus_fusion.tests.test_phase4.TestHierarchicalConfig" name="test_federated_factory_sets_dp_noise" time="0.001" /><testcase classname="namonexus_fusion.tests.test_phase4.TestHierarchicalConfig" name="test_invalid_strength_raises" time="0.001" /><testcase classname="namonexus_fusion.tests.test_phase4.TestHierarchicalConfig" name="test_invalid_tau_raises" time="0.001" /><testcase classname="namonexus_fusion.tests.test_phase4.TestHierarchicalConfig" name="test_to_dict_contains_tau" time="0.001" /><testcase classname="namonexus_fusion.tests.test_phase4.TestPopulationPrior" name="test_initial_phi_ratio_is_phi" time="0.001" /><testcase classname="namonexus_fusion.tests.test_phase4.TestPopulationPrior" name="test_population_mean_near_phi_recip" time="0.001" /><testcase classname="namonexus_fusion.tests.test_phase4.TestPopulationPrior" name="test_initial_strength_scales_with_config" time="0.001" /><testcase classname="namonexus_fusion.tests.test_phase4.TestIndividualManagement" name="test_register_creates_entry" time="0.001" /><testcase classname="namonexus_fusion.tests.test_phase4.TestIndividualManagement" name="test_register_idempotent" time="0.001" /><testcase classname="namonexus_fusion.tests.test_phase4.TestIndividualManagement" name="test_warm_start_matches_population_prior" time="0.001" /><testcase classname="namonexus_fusion.tests.test_phase4.TestIndividualManagement" name="test_update_accumulates_evidence" time="0.001" /><testcase classname="namonexus_fusion.tests.test_phase4.TestIndividualManagement" name="test_update_auto_registers" time="0.001" /><testcase classname="namonexus_fusion.tests.test_phase4.TestIndividualManagement" name="test_max_strength_cap_applied" time="0.001" /><testcase classname="namonexus_fusion.tests.test_phase4.TestBlendedPrior" name="test_new_subject_gets_population_prior" time="0.001" /><testcase classname="namonexus_fusion.tests.test_phase4.TestBlendedPrior" name="test_well_observed_subject_trends_individual" time="0.001" /><testcase classname="namonexus_fusion.tests.test_phase4.TestBlendedPrior" name="test_rho_monotone_with_observations" time="0.001" /><testcase classname="namonexus_fusion.tests.test_phase4.TestBlendedPrior" name="test_rho_bounded_to_unit_interval" time="0.001" /><testcase classname="namonexus_fusion.tests.test_phase4.TestBlendedPrior" name="test_min_sessions_gate_respected" time="0.001" /><testcase classname="namonexus_fusion.tests.test_phase4.TestBlendedPrior" name="test_phi_sq_tau_gives_rho_half" time="0.001" /><testcase classname="namonexus_fusion.tests.test_phase4.TestFederatedAggregation" name="test_export_delta_structure" time="0.001" /><testcase classname="namonexus_fusion.tests.test_phase4.TestFederatedAggregation" name="test_delta_serialization_roundtrip" time="0.001" /><testcase classname="namonexus_fusion.tests.test_phase4.TestFederatedAggregation" name="test_aggregate_updates_population" time="0.001" /><testcase classname="namonexus_fusion.tests.test_phase4.TestFederatedAggregation" name="test_phi_constraint_enforced_after_aggregation" time="0.001" /><testcase classname="namonexus_fusion.tests.test_phase4.TestFederatedAggregation" name="test_empty_deltas_leaves_population_unchanged" time="0.001" /><testcase classname="namonexus_fusion.tests.test_phase4.TestFederatedAggregation" name="test_dp_noise_applied_when_configured" time="0.001" /><testcase classname="namonexus_fusion.tests.test_phase4.TestFederatedAggregation" name="test_version_increments_on_aggregation" time="0.001" /><testcase classname="namonexus_fusion.tests.test_phase4.TestFederatedAggregation" name="test_multi_site_aggregation_averages_deltas" time="0.001" /><testcase classname="namonexus_fusion.tests.test_phase4.TestPhase4Integrated" name="test_instantiation" time="0.001" /><testcase classname="namonexus_fusion.tests.test_phase4.TestPhase4Integrated" name="test_update_returns_self" time="0.001" /><testcase classname="namonexus_fusion.tests.test_phase4.TestPhase4Integrated" name="test_fused_score_in_unit_interval" time="0.001" /><testcase classname="namonexus_fusion.tests.test_phase4.TestPhase4Integrated" name="test_explain_accessible" time="0.001" /><testcase classname="namonexus_fusion.tests.test_phase4.TestPhase4Integrated" name="test_xai_property_returns_layer" time="0.001" /><testcase classname="namonexus_fusion.tests.test_phase4.TestPhase4Integrated" name="test_repr_contains_xai_records" time="0.001" /><testcase classname="namonexus_fusion.tests.test_phase4.TestPhase4Integrated" name="test_hierarchical_warm_start" time="0.001" /><testcase classname="namonexus_fusion.tests.test_phase4.TestPhase4Integrated" name="test_commit_session_updates_individual" time="0.001" /><testcase classname="namonexus_fusion.tests.test_phase4.TestPhase4Integrated" name="test_commit_session_no_model_returns_none" time="0.001" /><testcase classname="namonexus_fusion.tests.test_phase4.TestPhase4Integrated" name="test_blended_prior_none_without_model" time="0.001" /><testcase classname="namonexus_fusion.tests.test_phase4.TestPhase4Integrated" name="test_blended_prior_with_model" time="0.001" /><testcase classname="namonexus_fusion.tests.test_phase4.TestPhase4Integrated" name="test_subject_id_property" time="0.001" /><testcase classname="namonexus_fusion.tests.test_phase4.TestPhase4Integrated" name="test_hierarchical_model_property" time="0.001" /><testcase classname="namonexus_fusion.tests.test_phase4.TestPhase4Integrated" name="test_multiple_commits_increase_individual_evidence" time="0.001" /><testcase classname="namonexus_fusion.tests.test_phase4.TestPhase4Integrated" name="test_federated_workflow_end_to_end" time="0.002" /><testcase classname="namonexus_fusion.tests.test_phase4.TestPhase4Integrated" name="test_compliance_report_fields" time="0.001" /><testcase classname="namonexus_fusion.tests.test_phase4.TestGoldenRatioInvariantsPhase4" name="test_phi_sq_equals_phi_plus_one" time="0.001" /><testcase classname="namonexus_fusion.tests.test_phase4.TestGoldenRatioInvariantsPhase4" name="test_phi_recip_plus_phi_sq_recip_equals_one" time="0.001" /><testcase classname="namonexus_fusion.tests.test_phase4.TestGoldenRatioInvariantsPhase4" name="test_population_prior_phi_ratio_is_phi" time="0.001" /><testcase classname="namonexus_fusion.tests.test_phase4.TestGoldenRatioInvariantsPhase4" name="test_xai_consistent_threshold_is_phi_sq_recip" time="0.001" /><testcase classname="namonexus_fusion.tests.test_phase4.TestGoldenRatioInvariantsPhase4" name="test_xai_contradicting_threshold_is_phi_recip" time="0.001" /><testcase classname="namonexus_fusion.tests.test_phase4.TestGoldenRatioInvariantsPhase4" name="test_rho_at_phi_sq_tau_equals_half" time="0.001" /></testsuite></testsuites>